<?xml version="1.0" encoding="UTF-8"?>
<testsuite xmlns:xsi="http://www.w3.org/2001/XMLSchema-instance" xsi:noNamespaceSchemaLocation="https://maven.apache.org/surefire/maven-surefire-plugin/xsd/surefire-test-report.xsd"
           name="sample.cglib.enhancer.EnhancerTest" time="0.195" tests="6" errors="0" skipped="0" failures="0">
  <properties>
[...]
</properties>
  <testcase name="testMethodInterceptor" classname="sample.cglib.enhancer.EnhancerTest" time="0.134"/>
  <testcase name="testDispatcher" classname="sample.cglib.enhancer.EnhancerTest" time="0.002"/>
  <testcase name="testCallbackFilter" classname="sample.cglib.enhancer.EnhancerTest" time="0.006"/>
  <testcase name="testLazyLoader" classname="sample.cglib.enhancer.EnhancerTest" time="0.002"/>
  <testcase name="testInvocationHandler" classname="sample.cglib.enhancer.EnhancerTest" time="0.003"/>
  <testcase name="testFixedValue" classname="sample.cglib.enhancer.EnhancerTest" time="0.002"/>
</testsuite>